[    61.529] (--) Log file renamed from "/home/hannia/.local/share/xorg/Xorg.pid-1453.log" to "/home/hannia/.local/share/xorg/Xorg.0.log"
[    61.535] 
X.Org X Server 1.20.9
X Protocol Version 11, Revision 0
[    61.535] Build Operating System: Linux 4.15.0-130-generic x86_64 Ubuntu
[    61.535] Current Operating System: Linux ubuntu 5.8.0-55-generic #62~20.04.1-Ubuntu SMP Wed Jun 2 08:55:04 UTC 2021 x86_64
[    61.535] Kernel command line: BOOT_IMAGE=/boot/vmlinuz-5.8.0-55-generic root=UUID=53dc9b52-64cc-437d-bbd2-9833cd02dfdb ro find_preseed=/preseed.cfg auto noprompt priority=critical locale=en_US quiet
[    61.536] Build Date: 17 January 2021  09:13:31AM
[    61.536] xorg-server 2:1.20.9-2ubuntu1.2~20.04.1 (For technical support please see http://www.ubuntu.com/support) 
[    61.536] Current version of pixman: 0.38.4
[    61.536] 	Before reporting problems, check http://wiki.x.org
	to make sure that you have the latest version.
[    61.536] Markers: (--) probed, (**) from config file, (==) default setting,
	(++) from command line, (!!) notice, (II) informational,
	(WW) warning, (EE) error, (NI) not implemented, (??) unknown.
[    61.536] (==) Log file: "/home/hannia/.local/share/xorg/Xorg.0.log", Time: Tue Jun 22 21:46:44 2021
[    61.539] (==) Using system config directory "/usr/share/X11/xorg.conf.d"
[    61.543] (==) No Layout section.  Using the first Screen section.
[    61.543] (==) No screen section available. Using defaults.
[    61.543] (**) |-->Screen "Default Screen Section" (0)
[    61.543] (**) |   |-->Monitor "<default monitor>"
[    61.560] (==) No monitor specified for screen "Default Screen Section".
	Using a default monitor configuration.
[    61.560] (==) Automatically adding devices
[    61.560] (==) Automatically enabling devices
[    61.560] (==) Automatically adding GPU devices
[    61.560] (==) Automatically binding GPU devices
[    61.560] (==) Max clients allowed: 256, resource mask: 0x1fffff
[    61.560] (WW) The directory "/usr/share/fonts/X11/cyrillic" does not exist.
[    61.560] 	Entry deleted from font path.
[    61.560] (WW) The directory "/usr/share/fonts/X11/100dpi/" does not exist.
[    61.560] 	Entry deleted from font path.
[    61.560] (WW) The directory "/usr/share/fonts/X11/75dpi/" does not exist.
[    61.560] 	Entry deleted from font path.
[    61.560] (WW) The directory "/usr/share/fonts/X11/100dpi" does not exist.
[    61.560] 	Entry deleted from font path.
[    61.560] (WW) The directory "/usr/share/fonts/X11/75dpi" does not exist.
[    61.560] 	Entry deleted from font path.
[    61.560] (==) FontPath set to:
	/usr/share/fonts/X11/misc,
	/usr/share/fonts/X11/Type1,
	built-ins
[    61.560] (==) ModulePath set to "/usr/lib/xorg/modules"
[    61.560] (II) The server relies on udev to provide the list of input devices.
	If no devices become available, reconfigure udev or disable AutoAddDevices.
[    61.561] (II) Loader magic: 0x55e34d7ad020
[    61.561] (II) Module ABI versions:
[    61.561] 	X.Org ANSI C Emulation: 0.4
[    61.561] 	X.Org Video Driver: 24.1
[    61.561] 	X.Org XInput driver : 24.1
[    61.561] 	X.Org Server Extension : 10.0
[    61.569] (++) using VT number 2

[    61.577] (II) systemd-logind: took control of session /org/freedesktop/login1/session/_32
[    61.581] (II) xfree86: Adding drm device (/dev/dri/card0)
[    61.583] (II) systemd-logind: got fd for /dev/dri/card0 226:0 fd 12 paused 0
[    61.617] (--) PCI:*(0@0:15:0) 15ad:0405:15ad:0405 rev 0, Mem @ 0xe8000000/134217728, 0xfe000000/8388608, I/O @ 0x00001070/16, BIOS @ 0x????????/131072
[    61.619] (II) LoadModule: "glx"
[    61.624] (II) Loading /usr/lib/xorg/modules/extensions/libglx.so
[    61.645] (II) Module glx: vendor="X.Org Foundation"
[    61.645] 	compiled for 1.20.9, module version = 1.0.0
[    61.645] 	ABI class: X.Org Server Extension, version 10.0
[    61.645] (==) Matched vmware as autoconfigured driver 0
[    61.645] (==) Matched modesetting as autoconfigured driver 1
[    61.645] (==) Matched fbdev as autoconfigured driver 2
[    61.645] (==) Matched vesa as autoconfigured driver 3
[    61.645] (==) Assigned the driver to the xf86ConfigLayout
[    61.645] (II) LoadModule: "vmware"
[    61.645] (II) Loading /usr/lib/xorg/modules/drivers/vmware_drv.so
[    62.383] (II) Module vmware: vendor="X.Org Foundation"
[    62.383] 	compiled for 1.20.8, module version = 13.3.0
[    62.384] 	Module class: X.Org Video Driver
[    62.384] 	ABI class: X.Org Video Driver, version 24.1
[    62.384] (II) LoadModule: "modesetting"
[    62.385] (II) Loading /usr/lib/xorg/modules/drivers/modesetting_drv.so
[    62.404] (II) Module modesetting: vendor="X.Org Foundation"
[    62.404] 	compiled for 1.20.9, module version = 1.20.9
[    62.405] 	Module class: X.Org Video Driver
[    62.405] 	ABI class: X.Org Video Driver, version 24.1
[    62.405] (II) LoadModule: "fbdev"
[    62.406] (II) Loading /usr/lib/xorg/modules/drivers/fbdev_drv.so
[    62.410] (II) Module fbdev: vendor="X.Org Foundation"
[    62.410] 	compiled for 1.20.1, module version = 0.5.0
[    62.410] 	Module class: X.Org Video Driver
[    62.410] 	ABI class: X.Org Video Driver, version 24.0
[    62.411] (II) LoadModule: "vesa"
[    62.414] (II) Loading /usr/lib/xorg/modules/drivers/vesa_drv.so
[    62.417] (II) Module vesa: vendor="X.Org Foundation"
[    62.418] 	compiled for 1.20.4, module version = 2.4.0
[    62.418] 	Module class: X.Org Video Driver
[    62.418] 	ABI class: X.Org Video Driver, version 24.0
[    62.422] (II) vmware: driver for VMware SVGA: vmware0405, vmware0710
[    62.423] (II) modesetting: Driver for Modesetting Kernel Drivers: kms
[    62.423] (II) FBDEV: driver for framebuffer: fbdev
[    62.424] (II) VESA: driver for VESA chipsets: vesa
[    62.427] xf86EnableIOPorts: failed to set IOPL for I/O (Operation not permitted)
[    62.427] (WW) Falling back to old probe method for modesetting
[    62.428] (WW) Falling back to old probe method for fbdev
[    62.428] (II) Loading sub module "fbdevhw"
[    62.428] (II) LoadModule: "fbdevhw"
[    62.429] (II) Loading /usr/lib/xorg/modules/libfbdevhw.so
[    62.431] (II) Module fbdevhw: vendor="X.Org Foundation"
[    62.431] 	compiled for 1.20.9, module version = 0.0.2
[    62.432] 	ABI class: X.Org Video Driver, version 24.1
[    62.432] (EE) open /dev/fb0: Permission denied
[    62.432] (WW) VGA arbiter: cannot open kernel arbiter, no multi-card support
[    62.432] (II) vmware(0): Creating default Display subsection in Screen section
	"Default Screen Section" for depth/fbbpp 24/32
[    62.433] (--) vmware(0): DRM driver version is 2.18.0
[    62.433] (==) vmware(0): Depth 24, (--) framebuffer bpp 32
[    62.434] (==) vmware(0): RGB weight 888
[    62.435] (==) vmware(0): Default visual is TrueColor
[    62.435] (--) vmware(0): Min width 1, Max Width 16384.
[    62.435] (--) vmware(0): Min height 1, Max Height 16384.
[    62.446] (II) vmware(0): Output Virtual1 has no monitor section
[    62.447] (II) vmware(0): Output Virtual2 has no monitor section
[    62.448] (II) vmware(0): Output Virtual3 has no monitor section
[    62.448] (II) vmware(0): Output Virtual4 has no monitor section
[    62.449] (II) vmware(0): Output Virtual5 has no monitor section
[    62.450] (II) vmware(0): Output Virtual6 has no monitor section
[    62.450] (II) vmware(0): Output Virtual7 has no monitor section
[    62.452] (II) vmware(0): Output Virtual8 has no monitor section
[    62.453] (II) vmware(0): Printing probed modes for output Virtual1
[    62.453] (II) vmware(0): Modeline "1164x616"x60.0   60.39  1164 1214 1264 1314  616 666 716 766 -hsync +vsync (46.0 kHz eP)
[    62.454] (II) vmware(0): Modeline "2560x1600"x60.0  348.50  2560 2752 3032 3504  1600 1603 1609 1658 -hsync +vsync (99.5 kHz e)
[    62.455] (II) vmware(0): Modeline "1920x1440"x60.0  234.00  1920 2048 2256 2600  1440 1441 1444 1500 -hsync +vsync (90.0 kHz e)
[    62.455] (II) vmware(0): Modeline "1856x1392"x60.0  218.25  1856 1952 2176 2528  1392 1393 1396 1439 -hsync +vsync (86.3 kHz e)
[    62.455] (II) vmware(0): Modeline "1792x1344"x60.0  204.75  1792 1920 2120 2448  1344 1345 1348 1394 -hsync +vsync (83.6 kHz e)
[    62.455] (II) vmware(0): Modeline "1920x1200"x59.9  193.25  1920 2056 2256 2592  1200 1203 1209 1245 -hsync +vsync (74.6 kHz e)
[    62.456] (II) vmware(0): Modeline "1600x1200"x60.0  162.00  1600 1664 1856 2160  1200 1201 1204 1250 +hsync +vsync (75.0 kHz e)
[    62.456] (II) vmware(0): Modeline "1680x1050"x60.0  146.25  1680 1784 1960 2240  1050 1053 1059 1089 -hsync +vsync (65.3 kHz e)
[    62.456] (II) vmware(0): Modeline "1400x1050"x60.0  121.75  1400 1488 1632 1864  1050 1053 1057 1089 -hsync +vsync (65.3 kHz e)
[    62.456] (II) vmware(0): Modeline "1280x1024"x60.0  108.00  1280 1328 1440 1688  1024 1025 1028 1066 +hsync +vsync (64.0 kHz e)
[    62.456] (II) vmware(0): Modeline "1440x900"x59.9  106.50  1440 1520 1672 1904  900 903 909 934 -hsync +vsync (55.9 kHz e)
[    62.456] (II) vmware(0): Modeline "1280x960"x60.0  108.00  1280 1376 1488 1800  960 961 964 1000 +hsync +vsync (60.0 kHz e)
[    62.456] (II) vmware(0): Modeline "1360x768"x60.0   85.50  1360 1424 1536 1792  768 771 777 795 +hsync +vsync (47.7 kHz e)
[    62.456] (II) vmware(0): Modeline "1280x800"x59.8   83.50  1280 1352 1480 1680  800 803 809 831 +hsync -vsync (49.7 kHz e)
[    62.456] (II) vmware(0): Modeline "1152x864"x75.0  108.00  1152 1216 1344 1600  864 865 868 900 +hsync +vsync (67.5 kHz e)
[    62.456] (II) vmware(0): Modeline "1280x768"x59.9   79.50  1280 1344 1472 1664  768 771 778 798 -hsync +vsync (47.8 kHz e)
[    62.457] (II) vmware(0): Modeline "1024x768"x60.0   65.00  1024 1048 1184 1344  768 771 777 806 -hsync -vsync (48.4 kHz e)
[    62.457] (II) vmware(0): Modeline "800x600"x60.3   40.00  800 840 968 1056  600 601 605 628 +hsync +vsync (37.9 kHz e)
[    62.457] (II) vmware(0): Modeline "640x480"x59.9   25.18  640 656 752 800  480 489 492 525 -hsync -vsync (31.5 kHz e)
[    62.457] (II) vmware(0): EDID for output Virtual2
[    62.457] (II) vmware(0): EDID for output Virtual3
[    62.457] (II) vmware(0): EDID for output Virtual4
[    62.457] (II) vmware(0): EDID for output Virtual5
[    62.457] (II) vmware(0): EDID for output Virtual6
[    62.457] (II) vmware(0): EDID for output Virtual7
[    62.457] (II) vmware(0): EDID for output Virtual8
[    62.457] (II) vmware(0): Output Virtual1 connected
[    62.457] (II) vmware(0): Output Virtual2 disconnected
[    62.457] (II) vmware(0): Output Virtual3 disconnected
[    62.457] (II) vmware(0): Output Virtual4 disconnected
[    62.457] (II) vmware(0): Output Virtual5 disconnected
[    62.457] (II) vmware(0): Output Virtual6 disconnected
[    62.457] (II) vmware(0): Output Virtual7 disconnected
[    62.457] (II) vmware(0): Output Virtual8 disconnected
[    62.457] (II) vmware(0): Using exact sizes for initial modes
[    62.457] (II) vmware(0): Output Virtual1 using initial mode 1164x616 +0+0
[    62.457] (==) vmware(0): DPI set to (96, 96)
[    62.465] (==) vmware(0): Using gamma correction (1.0, 1.0, 1.0)
[    62.465] (II) Loading sub module "fb"
[    62.465] (II) LoadModule: "fb"
[    62.466] (II) Loading /usr/lib/xorg/modules/libfb.so
[    62.484] (II) Module fb: vendor="X.Org Foundation"
[    62.484] 	compiled for 1.20.9, module version = 1.0.0
[    62.484] 	ABI class: X.Org ANSI C Emulation, version 0.4
[    62.484] (II) Loading sub module "dri2"
[    62.484] (II) LoadModule: "dri2"
[    62.484] (II) Module "dri2" already built-in
[    62.484] (II) Loading sub module "dri3"
[    62.484] (II) LoadModule: "dri3"
[    62.484] (II) Module "dri3" already built-in
[    62.484] (II) UnloadModule: "modesetting"
[    62.484] (II) Unloading modesetting
[    62.484] (II) UnloadModule: "fbdev"
[    62.484] (II) Unloading fbdev
[    62.484] (II) UnloadSubModule: "fbdevhw"
[    62.484] (II) Unloading fbdevhw
[    62.484] (II) UnloadModule: "vesa"
[    62.484] (II) Unloading vesa
[    62.512] (II) vmware(0): Initialized VMWARE_CTRL extension version 0.2
[    62.665] (II) vmware(0): Gallium3D XA version: 2.5.0.
[    62.665] (II) vmware(0): Path of drm device is "/dev/dri/card0".
[    62.667] (II) vmware(0): [DRI2] Setup complete
[    62.667] (II) vmware(0): [DRI2]   DRI driver: vmwgfx
[    63.080] (--) vmware(0): Render acceleration is enabled.
[    63.080] (==) vmware(0): Rendercheck mode is disabled.
[    63.080] (--) vmware(0): Direct rendering (DRI2 3D) is enabled.
[    63.080] (--) vmware(0): Direct rendering (DRI3 3D) is enabled.
[    63.080] (==) vmware(0): Direct presents are disabled.
[    63.080] (==) vmware(0): Hardware only presents are automatic per scanout.
[    63.080] (==) vmware(0): Backing store enabled
[    63.080] (==) vmware(0): Silken mouse enabled
[    63.092] (==) vmware(0): DPMS enabled
[    63.092] (II) Initializing extension Generic Event Extension
[    63.092] (II) Initializing extension SHAPE
[    63.092] (II) Initializing extension MIT-SHM
[    63.092] (II) Initializing extension XInputExtension
[    63.098] (II) Initializing extension XTEST
[    63.099] (II) Initializing extension BIG-REQUESTS
[    63.100] (II) Initializing extension SYNC
[    63.100] (II) Initializing extension XKEYBOARD
[    63.100] (II) Initializing extension XC-MISC
[    63.100] (II) Initializing extension SECURITY
[    63.100] (II) Initializing extension XFIXES
[    63.101] (II) Initializing extension RENDER
[    63.101] (II) Initializing extension RANDR
[    63.101] (II) Initializing extension COMPOSITE
[    63.101] (II) Initializing extension DAMAGE
[    63.102] (II) Initializing extension MIT-SCREEN-SAVER
[    63.102] (II) Initializing extension DOUBLE-BUFFER
[    63.102] (II) Initializing extension RECORD
[    63.102] (II) Initializing extension DPMS
[    63.103] (II) Initializing extension Present
[    63.103] (II) Initializing extension DRI3
[    63.103] (II) Initializing extension X-Resource
[    63.103] (II) Initializing extension XVideo
[    63.104] (II) Initializing extension XVideo-MotionCompensation
[    63.104] (II) Initializing extension SELinux
[    63.104] (II) SELinux: Disabled on system
[    63.104] (II) Initializing extension GLX
[    63.182] (II) AIGLX: Loaded and initialized vmwgfx
[    63.182] (II) GLX: Initialized DRI2 GL provider for screen 0
[    63.182] (II) Initializing extension XFree86-VidModeExtension
[    63.182] (II) Initializing extension XFree86-DGA
[    63.183] (II) Initializing extension XFree86-DRI
[    63.183] (II) Initializing extension DRI2
[    63.222] (II) vmware(0): Setting screen physical size to 307 x 162
[    63.442] (II) config/udev: Adding input device Power Button (/dev/input/event0)
[    63.442] (**) Power Button: Applying InputClass "libinput keyboard catchall"
[    63.442] (II) LoadModule: "libinput"
[    63.443] (II) Loading /usr/lib/xorg/modules/input/libinput_drv.so
[    63.451] (II) Module libinput: vendor="X.Org Foundation"
[    63.452] 	compiled for 1.20.4, module version = 0.29.0
[    63.452] 	Module class: X.Org XInput Driver
[    63.453] 	ABI class: X.Org XInput driver, version 24.1
[    63.453] (II) Using input driver 'libinput' for 'Power Button'
[    63.461] (II) systemd-logind: got fd for /dev/input/event0 13:64 fd 24 paused 0
[    63.461] (**) Power Button: always reports core events
[    63.461] (**) Option "Device" "/dev/input/event0"
[    63.462] (**) Option "_source" "server/udev"
[    63.475] (II) event0  - Power Button: is tagged by udev as: Keyboard
[    63.476] (II) event0  - Power Button: device is a keyboard
[    63.476] (II) event0  - Power Button: device removed
[    63.477] (**) Option "config_info" "udev:/sys/devices/LNXSYSTM:00/LNXPWRBN:00/input/input0/event0"
[    63.477] (II) XINPUT: Adding extended input device "Power Button" (type: KEYBOARD, id 6)
[    63.477] (**) Option "xkb_model" "SKIP"
[    63.477] (**) Option "xkb_layout" "us"
[    63.657] (II) event0  - Power Button: is tagged by udev as: Keyboard
[    63.657] (II) event0  - Power Button: device is a keyboard
[    63.660] (II) config/udev: Adding input device VMware VMware Virtual USB Mouse (/dev/input/event2)
[    63.660] (**) VMware VMware Virtual USB Mouse: Applying InputClass "libinput pointer catchall"
[    63.660] (II) Using input driver 'libinput' for 'VMware VMware Virtual USB Mouse'
[    63.724] (II) systemd-logind: got fd for /dev/input/event2 13:66 fd 27 paused 0
[    63.724] (**) VMware VMware Virtual USB Mouse: always reports core events
[    63.724] (**) Option "Device" "/dev/input/event2"
[    63.724] (**) Option "_source" "server/udev"
[    63.730] (II) event2  - VMware VMware Virtual USB Mouse: is tagged by udev as: Mouse
[    63.730] (II) event2  - VMware VMware Virtual USB Mouse: device is a pointer
[    63.731] (II) event2  - VMware VMware Virtual USB Mouse: device removed
[    63.731] (**) Option "config_info" "udev:/sys/devices/pci0000:00/0000:00:11.0/0000:02:00.0/usb2/2-1/2-1:1.0/0003:0E0F:0003.0001/input/input3/event2"
[    63.731] (II) XINPUT: Adding extended input device "VMware VMware Virtual USB Mouse" (type: MOUSE, id 7)
[    63.731] (**) Option "AccelerationScheme" "none"
[    63.731] (**) VMware VMware Virtual USB Mouse: (accel) selected scheme none/0
[    63.731] (**) VMware VMware Virtual USB Mouse: (accel) acceleration factor: 2.000
[    63.731] (**) VMware VMware Virtual USB Mouse: (accel) acceleration threshold: 4
[    63.737] (II) event2  - VMware VMware Virtual USB Mouse: is tagged by udev as: Mouse
[    63.738] (II) event2  - VMware VMware Virtual USB Mouse: device is a pointer
[    63.740] (II) config/udev: Adding input device VMware VMware Virtual USB Mouse (/dev/input/mouse0)
[    63.740] (II) No input driver specified, ignoring this device.
[    63.740] (II) This device may have been added with another device file.
[    63.742] (II) config/udev: Adding input device AT Translated Set 2 keyboard (/dev/input/event1)
[    63.742] (**) AT Translated Set 2 keyboard: Applying InputClass "libinput keyboard catchall"
[    63.742] (II) Using input driver 'libinput' for 'AT Translated Set 2 keyboard'
[    63.756] (II) systemd-logind: got fd for /dev/input/event1 13:65 fd 28 paused 0
[    63.756] (**) AT Translated Set 2 keyboard: always reports core events
[    63.756] (**) Option "Device" "/dev/input/event1"
[    63.756] (**) Option "_source" "server/udev"
[    63.761] (II) event1  - AT Translated Set 2 keyboard: is tagged by udev as: Keyboard
[    63.761] (II) event1  - AT Translated Set 2 keyboard: device is a keyboard
[    63.762] (II) event1  - AT Translated Set 2 keyboard: device removed
[    63.762] (**) Option "config_info" "udev:/sys/devices/platform/i8042/serio0/input/input1/event1"
[    63.762] (II) XINPUT: Adding extended input device "AT Translated Set 2 keyboard" (type: KEYBOARD, id 8)
[    63.762] (**) Option "xkb_model" "SKIP"
[    63.762] (**) Option "xkb_layout" "us"
[    63.772] (II) event1  - AT Translated Set 2 keyboard: is tagged by udev as: Keyboard
[    63.772] (II) event1  - AT Translated Set 2 keyboard: device is a keyboard
[    63.775] (II) config/udev: Adding input device VirtualPS/2 VMware VMMouse (/dev/input/event4)
[    63.775] (**) VirtualPS/2 VMware VMMouse: Applying InputClass "libinput pointer catchall"
[    63.775] (II) Using input driver 'libinput' for 'VirtualPS/2 VMware VMMouse'
[    63.778] (II) systemd-logind: got fd for /dev/input/event4 13:68 fd 29 paused 0
[    63.779] (**) VirtualPS/2 VMware VMMouse: always reports core events
[    63.779] (**) Option "Device" "/dev/input/event4"
[    63.779] (**) Option "_source" "server/udev"
[    63.783] (II) event4  - VirtualPS/2 VMware VMMouse: is tagged by udev as: Mouse
[    63.784] (II) event4  - VirtualPS/2 VMware VMMouse: device is a pointer
[    63.784] (II) event4  - VirtualPS/2 VMware VMMouse: device removed
[    63.785] (**) Option "config_info" "udev:/sys/devices/platform/i8042/serio1/input/input4/event4"
[    63.785] (II) XINPUT: Adding extended input device "VirtualPS/2 VMware VMMouse" (type: MOUSE, id 9)
[    63.785] (**) Option "AccelerationScheme" "none"
[    63.786] (**) VirtualPS/2 VMware VMMouse: (accel) selected scheme none/0
[    63.786] (**) VirtualPS/2 VMware VMMouse: (accel) acceleration factor: 2.000
[    63.786] (**) VirtualPS/2 VMware VMMouse: (accel) acceleration threshold: 4
[    63.790] (II) event4  - VirtualPS/2 VMware VMMouse: is tagged by udev as: Mouse
[    63.790] (II) event4  - VirtualPS/2 VMware VMMouse: device is a pointer
[    63.792] (II) config/udev: Adding input device VirtualPS/2 VMware VMMouse (/dev/input/mouse2)
[    63.794] (II) No input driver specified, ignoring this device.
[    63.794] (II) This device may have been added with another device file.
[    63.797] (II) config/udev: Adding input device VirtualPS/2 VMware VMMouse (/dev/input/event3)
[    63.797] (**) VirtualPS/2 VMware VMMouse: Applying InputClass "libinput pointer catchall"
[    63.797] (II) Using input driver 'libinput' for 'VirtualPS/2 VMware VMMouse'
[    63.813] (II) systemd-logind: got fd for /dev/input/event3 13:67 fd 30 paused 0
[    63.813] (**) VirtualPS/2 VMware VMMouse: always reports core events
[    63.813] (**) Option "Device" "/dev/input/event3"
[    63.813] (**) Option "_source" "server/udev"
[    63.828] (II) event3  - VirtualPS/2 VMware VMMouse: is tagged by udev as: Mouse
[    63.828] (II) event3  - VirtualPS/2 VMware VMMouse: device is a pointer
[    63.829] (II) event3  - VirtualPS/2 VMware VMMouse: device removed
[    63.829] (**) Option "config_info" "udev:/sys/devices/platform/i8042/serio1/input/input5/event3"
[    63.829] (II) XINPUT: Adding extended input device "VirtualPS/2 VMware VMMouse" (type: MOUSE, id 10)
[    63.829] (**) Option "AccelerationScheme" "none"
[    63.829] (**) VirtualPS/2 VMware VMMouse: (accel) selected scheme none/0
[    63.829] (**) VirtualPS/2 VMware VMMouse: (accel) acceleration factor: 2.000
[    63.829] (**) VirtualPS/2 VMware VMMouse: (accel) acceleration threshold: 4
[    63.833] (II) event3  - VirtualPS/2 VMware VMMouse: is tagged by udev as: Mouse
[    63.834] (II) event3  - VirtualPS/2 VMware VMMouse: device is a pointer
[    63.836] (II) config/udev: Adding input device VirtualPS/2 VMware VMMouse (/dev/input/mouse1)
[    63.837] (II) No input driver specified, ignoring this device.
[    63.837] (II) This device may have been added with another device file.
